2025-09-06T11:42:47: ReferenceError: readline is not defined
2025-09-06T11:42:47:     at Object.<anonymous> (/Users/davicho/MASTER proyectos/Orchestrator/agents/data_processor.js:156:14)
2025-09-06T11:42:47:     at Module._compile (node:internal/modules/cjs/loader:1692:14)
2025-09-06T11:42:47:     at Object..js (node:internal/modules/cjs/loader:1824:10)
2025-09-06T11:42:47:     at Module.load (node:internal/modules/cjs/loader:1427:32)
2025-09-06T11:42:47:     at Module._load (node:internal/modules/cjs/loader:1250:12)
2025-09-06T11:42:47:     at Object.<anonymous> (/opt/homebrew/lib/node_modules/pm2/lib/ProcessContainerFork.js:33:23)
2025-09-06T11:42:47:     at Module._compile (node:internal/modules/cjs/loader:1692:14)
2025-09-06T11:42:47:     at Object..js (node:internal/modules/cjs/loader:1824:10)
2025-09-06T11:42:47:     at Module.load (node:internal/modules/cjs/loader:1427:32)
2025-09-06T11:42:47:     at Module._load (node:internal/modules/cjs/loader:1250:12)
2025-09-06T11:42:47: ReferenceError: readline is not defined
2025-09-06T11:42:47:     at Object.<anonymous> (/Users/davicho/MASTER proyectos/Orchestrator/agents/data_processor.js:156:14)
2025-09-06T11:42:47:     at Module._compile (node:internal/modules/cjs/loader:1692:14)
2025-09-06T11:42:47:     at Object..js (node:internal/modules/cjs/loader:1824:10)
2025-09-06T11:42:47:     at Module.load (node:internal/modules/cjs/loader:1427:32)
2025-09-06T11:42:47:     at Module._load (node:internal/modules/cjs/loader:1250:12)
2025-09-06T11:42:47:     at Object.<anonymous> (/opt/homebrew/lib/node_modules/pm2/lib/ProcessContainerFork.js:33:23)
2025-09-06T11:42:47:     at Module._compile (node:internal/modules/cjs/loader:1692:14)
2025-09-06T11:42:47:     at Object..js (node:internal/modules/cjs/loader:1824:10)
2025-09-06T11:42:47:     at Module.load (node:internal/modules/cjs/loader:1427:32)
2025-09-06T11:42:47:     at Module._load (node:internal/modules/cjs/loader:1250:12)
2025-09-06T11:42:47: ReferenceError: readline is not defined
2025-09-06T11:42:47:     at Object.<anonymous> (/Users/davicho/MASTER proyectos/Orchestrator/agents/data_processor.js:156:14)
2025-09-06T11:42:47:     at Module._compile (node:internal/modules/cjs/loader:1692:14)
2025-09-06T11:42:47:     at Object..js (node:internal/modules/cjs/loader:1824:10)
2025-09-06T11:42:47:     at Module.load (node:internal/modules/cjs/loader:1427:32)
2025-09-06T11:42:47:     at Module._load (node:internal/modules/cjs/loader:1250:12)
2025-09-06T11:42:47:     at Object.<anonymous> (/opt/homebrew/lib/node_modules/pm2/lib/ProcessContainerFork.js:33:23)
2025-09-06T11:42:47:     at Module._compile (node:internal/modules/cjs/loader:1692:14)
2025-09-06T11:42:47:     at Object..js (node:internal/modules/cjs/loader:1824:10)
2025-09-06T11:42:47:     at Module.load (node:internal/modules/cjs/loader:1427:32)
2025-09-06T11:42:47:     at Module._load (node:internal/modules/cjs/loader:1250:12)
2025-09-06T11:42:47: ReferenceError: readline is not defined
2025-09-06T11:42:47:     at Object.<anonymous> (/Users/davicho/MASTER proyectos/Orchestrator/agents/data_processor.js:156:14)
2025-09-06T11:42:47:     at Module._compile (node:internal/modules/cjs/loader:1692:14)
2025-09-06T11:42:47:     at Object..js (node:internal/modules/cjs/loader:1824:10)
2025-09-06T11:42:47:     at Module.load (node:internal/modules/cjs/loader:1427:32)
2025-09-06T11:42:47:     at Module._load (node:internal/modules/cjs/loader:1250:12)
2025-09-06T11:42:47:     at Object.<anonymous> (/opt/homebrew/lib/node_modules/pm2/lib/ProcessContainerFork.js:33:23)
2025-09-06T11:42:47:     at Module._compile (node:internal/modules/cjs/loader:1692:14)
2025-09-06T11:42:47:     at Object..js (node:internal/modules/cjs/loader:1824:10)
2025-09-06T11:42:47:     at Module.load (node:internal/modules/cjs/loader:1427:32)
2025-09-06T11:42:47:     at Module._load (node:internal/modules/cjs/loader:1250:12)
2025-09-06T11:42:47: ReferenceError: readline is not defined
2025-09-06T11:42:47:     at Object.<anonymous> (/Users/davicho/MASTER proyectos/Orchestrator/agents/data_processor.js:156:14)
2025-09-06T11:42:47:     at Module._compile (node:internal/modules/cjs/loader:1692:14)
2025-09-06T11:42:47:     at Object..js (node:internal/modules/cjs/loader:1824:10)
2025-09-06T11:42:47:     at Module.load (node:internal/modules/cjs/loader:1427:32)
2025-09-06T11:42:47:     at Module._load (node:internal/modules/cjs/loader:1250:12)
2025-09-06T11:42:47:     at Object.<anonymous> (/opt/homebrew/lib/node_modules/pm2/lib/ProcessContainerFork.js:33:23)
2025-09-06T11:42:47:     at Module._compile (node:internal/modules/cjs/loader:1692:14)
2025-09-06T11:42:47:     at Object..js (node:internal/modules/cjs/loader:1824:10)
2025-09-06T11:42:47:     at Module.load (node:internal/modules/cjs/loader:1427:32)
2025-09-06T11:42:47:     at Module._load (node:internal/modules/cjs/loader:1250:12)
2025-09-06T11:42:47: ReferenceError: readline is not defined
2025-09-06T11:42:47:     at Object.<anonymous> (/Users/davicho/MASTER proyectos/Orchestrator/agents/data_processor.js:156:14)
2025-09-06T11:42:47:     at Module._compile (node:internal/modules/cjs/loader:1692:14)
2025-09-06T11:42:47:     at Object..js (node:internal/modules/cjs/loader:1824:10)
2025-09-06T11:42:47:     at Module.load (node:internal/modules/cjs/loader:1427:32)
2025-09-06T11:42:47:     at Module._load (node:internal/modules/cjs/loader:1250:12)
2025-09-06T11:42:47:     at Object.<anonymous> (/opt/homebrew/lib/node_modules/pm2/lib/ProcessContainerFork.js:33:23)
2025-09-06T11:42:47:     at Module._compile (node:internal/modules/cjs/loader:1692:14)
2025-09-06T11:42:47:     at Object..js (node:internal/modules/cjs/loader:1824:10)
2025-09-06T11:42:47:     at Module.load (node:internal/modules/cjs/loader:1427:32)
2025-09-06T11:42:47:     at Module._load (node:internal/modules/cjs/loader:1250:12)
2025-09-06T11:42:47: ReferenceError: readline is not defined
2025-09-06T11:42:47:     at Object.<anonymous> (/Users/davicho/MASTER proyectos/Orchestrator/agents/data_processor.js:156:14)
2025-09-06T11:42:47:     at Module._compile (node:internal/modules/cjs/loader:1692:14)
2025-09-06T11:42:47:     at Object..js (node:internal/modules/cjs/loader:1824:10)
2025-09-06T11:42:47:     at Module.load (node:internal/modules/cjs/loader:1427:32)
2025-09-06T11:42:47:     at Module._load (node:internal/modules/cjs/loader:1250:12)
2025-09-06T11:42:47:     at Object.<anonymous> (/opt/homebrew/lib/node_modules/pm2/lib/ProcessContainerFork.js:33:23)
2025-09-06T11:42:47:     at Module._compile (node:internal/modules/cjs/loader:1692:14)
2025-09-06T11:42:47:     at Object..js (node:internal/modules/cjs/loader:1824:10)
2025-09-06T11:42:47:     at Module.load (node:internal/modules/cjs/loader:1427:32)
2025-09-06T11:42:47:     at Module._load (node:internal/modules/cjs/loader:1250:12)
2025-09-06T11:42:47: ReferenceError: readline is not defined
2025-09-06T11:42:47:     at Object.<anonymous> (/Users/davicho/MASTER proyectos/Orchestrator/agents/data_processor.js:156:14)
2025-09-06T11:42:47:     at Module._compile (node:internal/modules/cjs/loader:1692:14)
2025-09-06T11:42:47:     at Object..js (node:internal/modules/cjs/loader:1824:10)
2025-09-06T11:42:47:     at Module.load (node:internal/modules/cjs/loader:1427:32)
2025-09-06T11:42:47:     at Module._load (node:internal/modules/cjs/loader:1250:12)
2025-09-06T11:42:47:     at Object.<anonymous> (/opt/homebrew/lib/node_modules/pm2/lib/ProcessContainerFork.js:33:23)
2025-09-06T11:42:47:     at Module._compile (node:internal/modules/cjs/loader:1692:14)
2025-09-06T11:42:47:     at Object..js (node:internal/modules/cjs/loader:1824:10)
2025-09-06T11:42:47:     at Module.load (node:internal/modules/cjs/loader:1427:32)
2025-09-06T11:42:47:     at Module._load (node:internal/modules/cjs/loader:1250:12)
2025-09-06T11:42:47: ReferenceError: readline is not defined
2025-09-06T11:42:47:     at Object.<anonymous> (/Users/davicho/MASTER proyectos/Orchestrator/agents/data_processor.js:156:14)
2025-09-06T11:42:47:     at Module._compile (node:internal/modules/cjs/loader:1692:14)
2025-09-06T11:42:47:     at Object..js (node:internal/modules/cjs/loader:1824:10)
2025-09-06T11:42:47:     at Module.load (node:internal/modules/cjs/loader:1427:32)
2025-09-06T11:42:47:     at Module._load (node:internal/modules/cjs/loader:1250:12)
2025-09-06T11:42:47:     at Object.<anonymous> (/opt/homebrew/lib/node_modules/pm2/lib/ProcessContainerFork.js:33:23)
2025-09-06T11:42:47:     at Module._compile (node:internal/modules/cjs/loader:1692:14)
2025-09-06T11:42:47:     at Object..js (node:internal/modules/cjs/loader:1824:10)
2025-09-06T11:42:47:     at Module.load (node:internal/modules/cjs/loader:1427:32)
2025-09-06T11:42:47:     at Module._load (node:internal/modules/cjs/loader:1250:12)
2025-09-06T11:42:47: ReferenceError: readline is not defined
2025-09-06T11:42:47:     at Object.<anonymous> (/Users/davicho/MASTER proyectos/Orchestrator/agents/data_processor.js:156:14)
2025-09-06T11:42:47:     at Module._compile (node:internal/modules/cjs/loader:1692:14)
2025-09-06T11:42:47:     at Object..js (node:internal/modules/cjs/loader:1824:10)
2025-09-06T11:42:47:     at Module.load (node:internal/modules/cjs/loader:1427:32)
2025-09-06T11:42:47:     at Module._load (node:internal/modules/cjs/loader:1250:12)
2025-09-06T11:42:47:     at Object.<anonymous> (/opt/homebrew/lib/node_modules/pm2/lib/ProcessContainerFork.js:33:23)
2025-09-06T11:42:47:     at Module._compile (node:internal/modules/cjs/loader:1692:14)
2025-09-06T11:42:47:     at Object..js (node:internal/modules/cjs/loader:1824:10)
2025-09-06T11:42:47:     at Module.load (node:internal/modules/cjs/loader:1427:32)
2025-09-06T11:42:47:     at Module._load (node:internal/modules/cjs/loader:1250:12)
